<?xml version="1.0" encoding="UTF-8"?>
<testng-results skipped="0" failed="0" ignored="0" total="2" passed="2">
  <reporter-output>
  </reporter-output>
  <suite name="Default suite" duration-ms="68331" started-at="2022-11-05T13:44:04Z" finished-at="2022-11-05T13:45:13Z">
    <groups>
    </groups>
    <test name="Default test" duration-ms="68331" started-at="2022-11-05T13:44:04Z" finished-at="2022-11-05T13:45:13Z">
      <class name="org.letcode.TestClass.LetCodeTest">
        <test-method status="PASS" signature="setfilename()[pri:0, instance:org.letcode.TestClass.LetCodeTest@e136d3]" name="setfilename" is-config="true" duration-ms="20" started-at="2022-11-05T13:44:04Z" finished-at="2022-11-05T13:44:04Z">
          <reporter-output>
          </reporter-output>
        </test-method> <!-- setfilename -->
        <test-method status="PASS" signature="launch()[pri:0, instance:org.letcode.TestClass.LetCodeTest@e136d3]" name="launch" is-config="true" duration-ms="27337" started-at="2022-11-05T13:44:09Z" finished-at="2022-11-05T13:44:36Z">
          <reporter-output>
          </reporter-output>
        </test-method> <!-- launch -->
        <test-method status="PASS" signature="RunTest([Ljava.lang.String;)[pri:0, instance:org.letcode.TestClass.LetCodeTest@e136d3]" name="RunTest" duration-ms="8912" started-at="2022-11-05T13:44:36Z" data-provider="exread" finished-at="2022-11-05T13:44:45Z">
          <params>
            <param index="0">
              <value>
                <![CDATA[[Ljava.lang.String;@18cf84a]]>
              </value>
            </param>
          </params>
          <reporter-output>
          </reporter-output>
        </test-method> <!-- RunTest -->
        <test-method status="PASS" signature="cleanup()[pri:0, instance:org.letcode.TestClass.LetCodeTest@e136d3]" name="cleanup" is-config="true" duration-ms="4473" started-at="2022-11-05T13:44:45Z" finished-at="2022-11-05T13:44:50Z">
          <reporter-output>
          </reporter-output>
        </test-method> <!-- cleanup -->
        <test-method status="PASS" signature="launch()[pri:0, instance:org.letcode.TestClass.LetCodeTest@e136d3]" name="launch" is-config="true" duration-ms="16329" started-at="2022-11-05T13:44:50Z" finished-at="2022-11-05T13:45:06Z">
          <reporter-output>
          </reporter-output>
        </test-method> <!-- launch -->
        <test-method status="PASS" signature="RunTest([Ljava.lang.String;)[pri:0, instance:org.letcode.TestClass.LetCodeTest@e136d3]" name="RunTest" duration-ms="5327" started-at="2022-11-05T13:45:06Z" data-provider="exread" finished-at="2022-11-05T13:45:11Z">
          <params>
            <param index="0">
              <value>
                <![CDATA[[Ljava.lang.String;@e7dffa]]>
              </value>
            </param>
          </params>
          <reporter-output>
          </reporter-output>
        </test-method> <!-- RunTest -->
        <test-method status="PASS" signature="cleanup()[pri:0, instance:org.letcode.TestClass.LetCodeTest@e136d3]" name="cleanup" is-config="true" duration-ms="1355" started-at="2022-11-05T13:45:11Z" finished-at="2022-11-05T13:45:13Z">
          <reporter-output>
          </reporter-output>
        </test-method> <!-- cleanup -->
      </class> <!-- org.letcode.TestClass.LetCodeTest -->
    </test> <!-- Default test -->
  </suite> <!-- Default suite -->
</testng-results>
